93.220000 0.000000
86.160000 7.060000
85.780000 4.093768
86.940000 3.118504
89.364000 3.422107
94.673333 5.999686
95.422857 5.125756
94.565000 4.521167
95.493333 4.093937
98.042000 4.461385
96.967273 4.176134
98.618333 4.154445
100.555385 4.284424
99.984286 4.007507
99.853333 3.733084
100.008750 3.495437
99.557647 3.314235
99.757778 3.131093
98.688421 3.148856
99.921000 3.231566
99.396190 3.118312
99.009091 2.998287
99.338261 2.883811
99.135000 2.768510
99.229600 2.657146
98.702308 2.606790
98.935556 2.519206
100.160000 2.718887
100.038621 2.626264
99.876000 2.542419
99.969032 2.460797
100.210000 2.394810
100.624848 2.357887
101.065294 2.329504
101.413143 2.288558
101.635556 2.235172
102.010270 2.205980
102.082632 2.148363
102.205128 2.096134
101.951500 2.058741
102.686341 2.138143
102.629048 2.087400
102.699535 2.039497
102.617273 1.994303
102.156444 2.003207
102.156087 1.959175
101.871915 1.937985
101.719583 1.903287
101.517959 1.874912
101.660800 1.842576
102.033725 1.844186
101.724615 1.834601
101.426415 1.824191
101.152593 1.810913
101.022545 1.782433
100.806071 1.763650
100.922105 1.736314
100.949310 1.706332
101.158305 1.690133
101.453667 1.687771
101.338033 1.663895
101.163226 1.646146
100.967937 1.631535
100.786562 1.616051
100.396923 1.638011
100.253333 1.619381
100.063582 1.606275
99.830294 1.599580
100.071014 1.594503
100.441714 1.614687
100.294366 1.598588
100.260556 1.576592
100.048767 1.569203
100.051081 1.547854
99.814933 1.545227
99.540526 1.549255
99.388831 1.536509
99.738718 1.556517
99.528608 1.550986
99.641750 1.535649
99.859259 1.532091
100.061220 1.526708
99.832048 1.525514
99.803571 1.507513
99.561412 1.509226
99.562558 1.491574
99.570115 1.474349
99.520909 1.458329
99.412584 1.445914
99.510667 1.433118
99.717582 1.432307
99.698478 1.416782
99.685806 1.401522
99.451064 1.406263
99.524421 1.393314
99.459167 1.380267
99.431753 1.366238
99.578980 1.360217
99.563636 1.346494
99.575600 1.333015
