0.506394 0.000000
0.505419 0.000975
0.506531 0.001246
0.503660 0.003003
0.502191 0.002751
0.500854 0.002614
0.503536 0.003474
0.504052 0.003053
0.503583 0.002733
0.501214 0.003404
0.499985 0.003315
0.500160 0.003032
0.500513 0.002811
0.500319 0.002610
0.500069 0.002442
0.502089 0.003050
0.501955 0.002868
0.502030 0.002705
0.502410 0.002587
0.502239 0.002460
0.502193 0.002340
0.502628 0.002273
0.501909 0.002288
0.501397 0.002250
0.501469 0.002159
0.500565 0.002263
0.500407 0.002183
0.500215 0.002113
0.500182 0.002039
0.500143 0.001970
0.499822 0.001932
0.499685 0.001876
0.499734 0.001819
0.499716 0.001765
0.500207 0.001782
0.500321 0.001736
0.500405 0.001690
0.500574 0.001654
0.500453 0.001616
0.500522 0.001576
0.500891 0.001581
0.501175 0.001569
0.501354 0.001542
0.501247 0.001511
0.501008 0.001496
0.501151 0.001470
0.501207 0.001439
0.501334 0.001415
0.501198 0.001392
0.501583 0.001417
0.501586 0.001389
0.501462 0.001368
0.501321 0.001349
0.501434 0.001329
0.501337 0.001308
0.501292 0.001285
0.501591 0.001298
0.501867 0.001304
0.501889 0.001282
0.501892 0.001261
0.502039 0.001249
0.502280 0.001252
0.502342 0.001233
0.502278 0.001216
0.502368 0.001200
0.502462 0.001186
0.502576 0.001173
0.502263 0.001198
0.502119 0.001189
0.502078 0.001173
0.502065 0.001156
0.501637 0.001218
0.501591 0.001202
0.501591 0.001185
0.501622 0.001170
0.501501 0.001161
0.501553 0.001147
0.501685 0.001140
0.501712 0.001125
0.501896 0.001126
0.501825 0.001114
0.501580 0.001128
0.501557 0.001114
0.501375 0.001116
0.501241 0.001111
0.501197 0.001099
0.501336 0.001095
0.501387 0.001084
0.501342 0.001072
0.501367 0.001061
0.501434 0.001051
0.501335 0.001044
0.501397 0.001035
0.501369 0.001024
0.501288 0.001016
0.501285 0.001006
0.501435 0.001007
0.501277 0.001009
0.501490 0.001021
0.501438 0.001012
