0.083451 0.000000
0.085009 0.001558
0.084211 0.001203
0.084504 0.000900
0.084345 0.000715
0.084608 0.000641
0.084645 0.000543
0.084177 0.000663
0.083448 0.000935
0.083264 0.000856
0.083555 0.000827
0.083601 0.000757
0.083744 0.000711
0.083660 0.000663
0.083942 0.000679
0.083913 0.000636
0.083816 0.000605
0.083804 0.000571
0.083942 0.000557
0.083802 0.000547
0.083600 0.000558
0.083315 0.000603
0.083395 0.000582
0.083407 0.000557
0.083474 0.000539
0.083522 0.000520
0.083531 0.000500
0.083606 0.000488
0.083587 0.000471
0.083498 0.000464
0.083488 0.000449
0.083571 0.000442
0.083475 0.000439
0.083503 0.000427
0.083603 0.000426
0.083526 0.000421
0.083495 0.000411
0.083462 0.000401
0.083433 0.000392
0.083472 0.000384
0.083411 0.000380
0.083397 0.000371
0.083414 0.000362
0.083471 0.000359
0.083487 0.000351
0.083396 0.000355
0.083353 0.000350
0.083429 0.000351
0.083456 0.000345
0.083479 0.000339
0.083462 0.000332
0.083526 0.000332
0.083542 0.000326
0.083563 0.000321
0.083585 0.000316
0.083611 0.000311
0.083690 0.000316
0.083715 0.000311
0.083770 0.000311
0.083751 0.000306
0.083710 0.000304
0.083743 0.000301
0.083741 0.000296
0.083772 0.000293
0.083715 0.000294
0.083685 0.000291
0.083701 0.000287
0.083702 0.000283
0.083748 0.000282
0.083762 0.000279
0.083778 0.000275
0.083769 0.000272
0.083739 0.000269
0.083759 0.000267
0.083746 0.000263
0.083732 0.000260
0.083721 0.000257
0.083723 0.000254
0.083698 0.000252
0.083693 0.000249
0.083679 0.000246
0.083614 0.000251
0.083611 0.000248
0.083614 0.000245
0.083600 0.000243
0.083634 0.000242
0.083613 0.000241
0.083640 0.000239
0.083628 0.000237
0.083622 0.000234
0.083653 0.000234
0.083602 0.000237
0.083598 0.000234
0.083591 0.000232
0.083562 0.000231
0.083561 0.000229
0.083577 0.000227
0.083545 0.000227
0.083535 0.000225
0.083541 0.000223
